c:\users\survi\source\repos\qf2\qf2\x64\debug\vc143.pdb
c:\users\survi\source\repos\qf2\qf2\x64\debug\vc143.idb
c:\users\survi\source\repos\qf2\qf2\x64\debug\qfvec2.obj
c:\users\survi\source\repos\qf2\qf2\x64\debug\main.obj
c:\users\survi\source\repos\qf2\qf2\x64\debug\qfeventsystem.obj
c:\users\survi\source\repos\qf2\qf2\x64\debug\qfanimation.obj
c:\users\survi\source\repos\qf2\qf2\x64\debug\qfbutton.obj
c:\users\survi\source\repos\qf2\qf2\x64\debug\qftransform.obj
c:\users\survi\source\repos\qf2\qf2\x64\debug\qftime.obj
c:\users\survi\source\repos\qf2\qf2\x64\debug\qfsystem.obj
c:\users\survi\source\repos\qf2\qf2\x64\debug\qffilesystem.obj
c:\users\survi\source\repos\qf2\qf2\x64\debug\qfdebug.obj
c:\users\survi\source\repos\qf2\qf2\x64\debug\qfwindowtitlebar.obj
c:\users\survi\source\repos\qf2\qf2\x64\debug\qfwindow.obj
c:\users\survi\source\repos\qf2\qf2\x64\debug\simpledc.obj
c:\users\survi\source\repos\qf2\qf2\x64\debug\qfpanel.obj
c:\users\survi\source\repos\qf2\qf2\x64\debug\qfhelpers.obj
c:\users\survi\source\repos\qf2\qf2\x64\debug\qfelement.obj
c:\users\survi\source\repos\qf2\qf2\x64\debug\qfapp.obj
c:\users\survi\source\repos\qf2\qf2\x64\debug\qfimage.obj
c:\users\survi\source\repos\qf2\qf2\x64\debug\qfmath.obj
c:\users\survi\source\repos\qf2\qf2\x64\debug\qfinit.obj
c:\users\survi\source\repos\qf2\x64\debug\qf2.exe
c:\users\survi\source\repos\qf2\qf2\x64\debug\qf2.ilk
c:\users\survi\source\repos\qf2\x64\debug\qf2.pdb
c:\users\survi\source\repos\qf2\x64\debug\glfw3.dll
c:\users\survi\source\repos\qf2\x64\debug\glew32d.dll
c:\users\survi\source\repos\qf2\qf2\x64\debug\math.obj
c:\users\survi\source\repos\qf2\qf2\x64\debug\qf2.tlog\cl.command.1.tlog
c:\users\survi\source\repos\qf2\qf2\x64\debug\qf2.tlog\cl.items.tlog
c:\users\survi\source\repos\qf2\qf2\x64\debug\qf2.tlog\cl.read.1.tlog
c:\users\survi\source\repos\qf2\qf2\x64\debug\qf2.tlog\cl.write.1.tlog
c:\users\survi\source\repos\qf2\qf2\x64\debug\qf2.tlog\link.command.1.tlog
c:\users\survi\source\repos\qf2\qf2\x64\debug\qf2.tlog\link.read.1.tlog
c:\users\survi\source\repos\qf2\qf2\x64\debug\qf2.tlog\link.write.1.tlog
c:\users\survi\source\repos\qf2\qf2\x64\debug\qf2.tlog\qf2.write.1u.tlog
